2024-09-09 21:23:16 [INFO] - Sesión cerrada. email: [sergiokovalchuk@gmail.com] - Archivo: [cerrar_sesion.php] línea: [9]
2024-09-09 21:23:16 [INFO] - No existe sessión. Para insertar datos hay que loguearse antes. Solicitud incorrecta. - Archivo: [insertar_datos.php] línea: [108]
2024-09-09 21:23:39 [INFO] - Sesion iniciada correctamente. email: [sergiokovalchuk@gmail.com] password: [123123] - Archivo: [iniciar_sesion.php] línea: [144]
2024-09-09 21:57:47 [INFO] - Sesión cerrada. email: [sergiokovalchuk@gmail.com] - Archivo: [cerrar_sesion.php] línea: [9]
2024-09-09 21:57:47 [INFO] - No existe sessión. Para insertar datos hay que loguearse antes. Solicitud incorrecta. - Archivo: [insertar_datos.php] línea: [108]
2024-09-09 23:44:28 [INFO] - Sesion iniciada correctamente. email: [sergiokovalchuk@gmail.com] password: [123123] - Archivo: [iniciar_sesion.php] línea: [139]
2024-09-10 00:08:53 [INFO] - Sesión cerrada. email: [sergiokovalchuk@gmail.com] - Archivo: [cerrar_sesion.php] línea: [9]
2024-09-10 00:08:53 [INFO] - No existe sessión. Para insertar datos hay que loguearse antes. Solicitud incorrecta. - Archivo: [insertar_datos.php] línea: [109]
2024-09-10 00:11:56 [INFO] - Sesion iniciada correctamente. email: [sergiokovalchuk@gmail.com] password: [123123] - Archivo: [iniciar_sesion.php] línea: [139]
2024-09-10 00:22:25 [INFO] - Sesión cerrada. email: [sergiokovalchuk@gmail.com] - Archivo: [cerrar_sesion.php] línea: [9]
2024-09-10 00:22:25 [INFO] - No existe sessión. Para insertar datos hay que loguearse antes. Solicitud incorrecta. - Archivo: [insertar_datos.php] línea: [109]
2024-09-10 00:23:20 [INFO] - Sesion iniciada correctamente. email: [sergiokovalchuk@gmail.com] password: [123123] - Archivo: [iniciar_sesion.php] línea: [139]
2024-09-10 00:32:30 [INFO] - Sesión cerrada. email: [sergiokovalchuk@gmail.com] - Archivo: [cerrar_sesion.php] línea: [9]
2024-09-10 00:32:30 [INFO] - No existe sessión. Para insertar datos hay que loguearse antes. Solicitud incorrecta. - Archivo: [insertar_datos.php] línea: [109]
2024-09-10 00:33:08 [INFO] - Sesion iniciada correctamente. email: [sergiokovalchuk@gmail.com] password: [123123] - Archivo: [iniciar_sesion.php] línea: [139]
2024-09-10 00:33:28 [INFO] - Sesión cerrada. email: [sergiokovalchuk@gmail.com] - Archivo: [cerrar_sesion.php] línea: [9]
2024-09-10 00:33:28 [INFO] - No existe sessión. Para insertar datos hay que loguearse antes. Solicitud incorrecta. - Archivo: [insertar_datos.php] línea: [109]
2024-09-10 00:35:55 [INFO] - Sesion iniciada correctamente. email: [sergiokovalchuk@gmail.com] password: [123123] - Archivo: [iniciar_sesion.php] línea: [139]
2024-09-10 00:36:19 [INFO] - Sesión cerrada. email: [sergiokovalchuk@gmail.com] - Archivo: [cerrar_sesion.php] línea: [9]
2024-09-10 00:36:35 [INFO] - No existe sessión. Para insertar datos hay que loguearse antes. Solicitud incorrecta. - Archivo: [insertar_datos.php] línea: [109]
2024-09-10 00:37:57 [INFO] - Sesion iniciada correctamente. email: [sergiokovalchuk@gmail.com] password: [123123] - Archivo: [iniciar_sesion.php] línea: [139]
2024-09-10 00:38:08 [INFO] - Sesión cerrada. email: [sergiokovalchuk@gmail.com] - Archivo: [cerrar_sesion.php] línea: [9]
2024-09-10 00:38:08 [INFO] - No existe sessión. Para insertar datos hay que loguearse antes. Solicitud incorrecta. - Archivo: [insertar_datos.php] línea: [109]
2024-09-10 00:40:26 [INFO] - Sesion iniciada correctamente. email: [sergiokovalchuk@gmail.com] password: [123123] - Archivo: [iniciar_sesion.php] línea: [139]
2024-09-10 00:40:41 [INFO] - Sesión cerrada. email: [sergiokovalchuk@gmail.com] - Archivo: [cerrar_sesion.php] línea: [9]
2024-09-10 00:41:03 [INFO] - No existe sessión. Para insertar datos hay que loguearse antes. Solicitud incorrecta. - Archivo: [insertar_datos.php] línea: [109]
2024-09-10 00:45:21 [INFO] - Sesion iniciada correctamente. email: [sergiokovalchuk@gmail.com] password: [123123] - Archivo: [iniciar_sesion.php] línea: [139]
2024-09-10 00:45:46 [INFO] - Sesión cerrada. email: [sergiokovalchuk@gmail.com] - Archivo: [cerrar_sesion.php] línea: [9]
2024-09-10 00:45:46 [INFO] - No existe sessión. Para insertar datos hay que loguearse antes. Solicitud incorrecta. - Archivo: [insertar_datos.php] línea: [109]
2024-09-10 00:45:57 [INFO] - Sesion iniciada correctamente. email: [sergiokovalchuk@gmail.com] password: [123123] - Archivo: [iniciar_sesion.php] línea: [139]
2024-09-10 01:06:07 [INFO] - Sesión cerrada. email: [sergiokovalchuk@gmail.com] - Archivo: [cerrar_sesion.php] línea: [9]
2024-09-10 01:06:07 [INFO] - No existe sessión. Para insertar datos hay que loguearse antes. Solicitud incorrecta. - Archivo: [insertar_datos.php] línea: [109]
2024-09-10 01:16:49 [INFO] - Sesion iniciada correctamente. email: [sergbas2001@gmail.com] password: [123123] - Archivo: [iniciar_sesion.php] línea: [139]
2024-09-10 01:24:42 [INFO] - Sesión cerrada. email: [sergbas2001@gmail.com] - Archivo: [cerrar_sesion.php] línea: [9]
2024-09-10 01:24:42 [INFO] - No existe sessión. Para insertar datos hay que loguearse antes. Solicitud incorrecta. - Archivo: [insertar_datos.php] línea: [109]
2024-09-10 01:38:01 [INFO] - Sesion iniciada correctamente. email: [sergbas2001@gmail.com] password: [999999] - Archivo: [iniciar_sesion.php] línea: [139]
2024-09-10 01:38:13 [INFO] - Sesión cerrada. email: [sergbas2001@gmail.com] - Archivo: [cerrar_sesion.php] línea: [9]
2024-09-10 01:38:13 [INFO] - No existe sessión. Para insertar datos hay que loguearse antes. Solicitud incorrecta. - Archivo: [insertar_datos.php] línea: [109]
2024-09-10 01:39:16 [INFO] - Sesion iniciada correctamente. email: [sergbas2001@gmail.com] password: [123456] - Archivo: [iniciar_sesion.php] línea: [139]
2024-09-10 01:39:24 [INFO] - Sesión cerrada. email: [sergbas2001@gmail.com] - Archivo: [cerrar_sesion.php] línea: [9]
2024-09-10 01:39:24 [INFO] - No existe sessión. Para insertar datos hay que loguearse antes. Solicitud incorrecta. - Archivo: [insertar_datos.php] línea: [109]
2024-09-10 01:49:44 [INFO] - Contrasena incorrecta. email: [sergbas2001@gmail.com] password: [qweqwe] - Archivo: [iniciar_sesion.php] línea: [156]
2024-09-10 02:09:02 [INFO] - Sesion iniciada correctamente. email: [sergbas2001@gmail.com] password: [888888] - Archivo: [iniciar_sesion.php] línea: [139]
2024-09-10 02:24:51 [INFO] - Sesión cerrada. email: [sergbas2001@gmail.com] - Archivo: [cerrar_sesion.php] línea: [9]
2024-09-10 02:24:51 [INFO] - No existe sessión. Para insertar datos hay que loguearse antes. Solicitud incorrecta. - Archivo: [insertar_datos.php] línea: [109]
2024-09-10 02:25:10 [INFO] - Contrasena actualizada con éxito. email: [sergbas2001@gmail.com] new_password: [111111] - Archivo: [update_password.php] línea: [139]
2024-09-10 02:26:22 [INFO] - Contrasena actualizada con éxito. email: [sergbas2001@gmail.com] old_password: [111111] new_password: [222222] - Archivo: [update_password.php] línea: [139]
2024-09-10 02:27:25 [INFO] - Contrasena restablecida con éxito. email: [sergbas2001@gmail.com] password: [555555] - Archivo: [reset_password_form_action.php] línea: [95]
